{
  "RSpec": {
    "coverage": {
      "/home/ces/Desktop/ror/BeerClub/spec/factories/beers.rb": [
        1,
        1,
        1,
        19,
        19,
        19,
        19,
        19,
        null,
        null
      ],
      "/home/ces/Desktop/ror/BeerClub/spec/factories/categories.rb": [
        1,
        1,
        1,
        null,
        null,
        1,
        1,
        null,
        null
      ],
      "/home/ces/Desktop/ror/BeerClub/spec/factories/conversations.rb": [
        1,
        1,
        1,
        1,
        null,
        null
      ],
      "/home/ces/Desktop/ror/BeerClub/spec/factories/customers.rb": [
        1,
        1,
        1,
        1,
        1,
        1,
        null,
        null
      ],
      "/home/ces/Desktop/ror/BeerClub/spec/factories/factories.rb": [
        1,
        1,
        null,
        null,
        null
      ],
      "/home/ces/Desktop/ror/BeerClub/spec/factories/messages.rb": [
        1,
        1,
        1,
        1,
        1,
        null,
        null
      ],
      "/home/ces/Desktop/ror/BeerClub/spec/factories/passports.rb": [
        1,
        1,
        10,
        1,
        null,
        null
      ],
      "/home/ces/Desktop/ror/BeerClub/spec/factories/roles.rb": [
        1,
        1,
        16,
        null,
        null
      ],
      "/home/ces/Desktop/ror/BeerClub/spec/factories/users.rb": [
        1,
        1,
        null,
        1,
        24,
        67,
        1,
        1,
        1,
        null,
        1,
        1,
        null,
        null,
        null,
        1,
        1,
        null,
        null,
        null
      ],
      "/home/ces/Desktop/ror/BeerClub/app/controllers/api/api_constraint.rb": [
        1,
        null,
        1,
        1,
        1,
        1,
        null,
        null
      ],
      "/home/ces/Desktop/ror/BeerClub/app/controllers/api/v1/base.rb": [
        1,
        null,
        1,
        1,
        1,
        1,
        1,
        1,
        null,
        1,
        null,
        1,
        1,
        null,
        1,
        1,
        1,
        null,
        null,
        1,
        1,
        null,
        1,
        null,
        null,
        null,
        null,
        null,
        null,
        null,
        null,
        null,
        null,
        null,
        null,
        null,
        null,
        null
      ],
      "/home/ces/Desktop/ror/BeerClub/app/controllers/api/v1/api_error_handler.rb": [
        1,
        1,
        1,
        1,
        40,
        40,
        40,
        5,
        5,
        null,
        null,
        null,
        null,
        null
      ],
      "/home/ces/Desktop/ror/BeerClub/app/helpers/authentication_helper.rb": [
        1,
        null,
        null,
        1,
        32,
        null,
        null,
        null,
        1,
        20,
        19,
        null,
        null,
        null,
        null,
        1,
        78,
        78,
        78,
        null,
        78,
        null,
        78,
        6,
        null,
        null,
        null,
        1,
        25,
        null,
        null,
        1,
        null,
        null,
        null,
        29,
        null,
        null
      ],
      "/home/ces/Desktop/ror/BeerClub/app/controllers/api/v1/registrations.rb": [
        1,
        1,
        1,
        1,
        1,
        1,
        null,
        1,
        null,
        1,
        null,
        1,
        null,
        null,
        null,
        null,
        null,
        null,
        1,
        1,
        1,
        1,
        1,
        1,
        1,
        null,
        null,
        1,
        2,
        1,
        null,
        1,
        1,
        1,
        1,
        1,
        1,
        null,
        null,
        1,
        1,
        1,
        1,
        1,
        null,
        null,
        null,
        null,
        null,
        null,
        null
      ],
      "/home/ces/Desktop/ror/BeerClub/app/controllers/api/v1/default.rb": [
        1,
        1,
        1,
        1,
        null,
        1,
        9,
        9,
        9,
        null,
        9,
        9,
        20,
        20,
        null,
        null,
        null,
        null,
        null,
        null
      ],
      "/home/ces/Desktop/ror/BeerClub/app/helpers/registrations_helper.rb": [
        1,
        null,
        1,
        null,
        4,
        null,
        null,
        1,
        4,
        4,
        null,
        4,
        4,
        null,
        4,
        null,
        4,
        null,
        null,
        4,
        null,
        null,
        null,
        1,
        3,
        3,
        null,
        null
      ],
      "/home/ces/Desktop/ror/BeerClub/app/controllers/api/entities/users.rb": [
        1,
        1,
        1,
        1,
        1,
        1,
        null,
        null,
        null,
        null,
        1,
        1,
        1,
        null,
        null,
        1,
        1,
        null,
        null,
        null
      ],
      "/home/ces/Desktop/ror/BeerClub/app/controllers/api/entities/passports.rb": [
        1,
        1,
        1,
        1,
        1,
        null,
        null,
        1,
        1,
        1,
        null,
        null,
        null
      ],
      "/home/ces/Desktop/ror/BeerClub/app/controllers/api/entities/beers.rb": [
        1,
        1,
        1,
        1,
        1,
        1,
        1,
        1,
        1,
        1,
        null,
        null,
        1,
        1,
        null,
        null,
        1,
        1,
        null,
        null,
        null
      ],
      "/home/ces/Desktop/ror/BeerClub/app/controllers/api/entities/categories.rb": [
        1,
        1,
        1,
        1,
        1,
        1,
        null,
        null,
        1,
        1,
        null,
        null,
        1,
        1,
        null,
        null,
        null
      ],
      "/home/ces/Desktop/ror/BeerClub/app/controllers/api/v1/sessions.rb": [
        1,
        1,
        1,
        1,
        1,
        1,
        null,
        1,
        1,
        4,
        null,
        null,
        null,
        1,
        1,
        1,
        1,
        1,
        1,
        null,
        null,
        1,
        null,
        1,
        1,
        null,
        1,
        null,
        1,
        null,
        1,
        null,
        null,
        null,
        1,
        null,
        1,
        1,
        1,
        1,
        1,
        null,
        1,
        1,
        1,
        1,
        1,
        null,
        null,
        1,
        2,
        2,
        null,
        null,
        1,
        null,
        1,
        1,
        null,
        1,
        null,
        null,
        null,
        1,
        1,
        1,
        1,
        null,
        1,
        1,
        1,
        1,
        1,
        1,
        null,
        null,
        1,
        2,
        2,
        2,
        null,
        2,
        2,
        null,
        2,
        1,
        1,
        1,
        1,
        null,
        1,
        null,
        null,
        null,
        null,
        null,
        null
      ],
      "/home/ces/Desktop/ror/BeerClub/app/controllers/api/v1/categories.rb": [
        1,
        1,
        1,
        1,
        1,
        1,
        null,
        1,
        1,
        2,
        null,
        null,
        null,
        1,
        null,
        1,
        null,
        null,
        null,
        null,
        null,
        null,
        null,
        1,
        1,
        null,
        1,
        1,
        1,
        null,
        null,
        1,
        null,
        null,
        null,
        null,
        null,
        null,
        1,
        1,
        null,
        1,
        2,
        1,
        null,
        null,
        1,
        10,
        null,
        null,
        1,
        null,
        null,
        null,
        null,
        null,
        null,
        null,
        null,
        1,
        1,
        1,
        1,
        null,
        null,
        1,
        2,
        1,
        null,
        null,
        1,
        null,
        null,
        null,
        null,
        null,
        null,
        null,
        null,
        null,
        null,
        1,
        1,
        1,
        1,
        null,
        null,
        1,
        2,
        1,
        1,
        null,
        null,
        1,
        null,
        null,
        null,
        null,
        null,
        null,
        null,
        null,
        null,
        1,
        1,
        null,
        1,
        2,
        2,
        2,
        null,
        1,
        1,
        null,
        null,
        1,
        null,
        null,
        null,
        null,
        null,
        null,
        null,
        null,
        null,
        1,
        1,
        null,
        1,
        2,
        2,
        null,
        1,
        1,
        null,
        null,
        1,
        null,
        null,
        null,
        null,
        null,
        null,
        null,
        null,
        1,
        1,
        null,
        1,
        2,
        2,
        null,
        1,
        1,
        1,
        null,
        null,
        null,
        null,
        null
      ],
      "/home/ces/Desktop/ror/BeerClub/app/controllers/api/v1/beers.rb": [
        1,
        1,
        1,
        1,
        1,
        1,
        null,
        1,
        1,
        null,
        2,
        null,
        null,
        null,
        1,
        4,
        null,
        null,
        null,
        1,
        null,
        1,
        null,
        null,
        null,
        null,
        null,
        null,
        1,
        1,
        null,
        1,
        1,
        1,
        null,
        null,
        1,
        null,
        null,
        null,
        null,
        1,
        1,
        null,
        1,
        2,
        null,
        null,
        1,
        8,
        null,
        null,
        1,
        null,
        null,
        null,
        null,
        null,
        null,
        null,
        null,
        1,
        1,
        1,
        1,
        1,
        1,
        1,
        1,
        1,
        null,
        null,
        1,
        1,
        1,
        null,
        1,
        1,
        null,
        null,
        1,
        null,
        null,
        null,
        null,
        null,
        null,
        null,
        null,
        null,
        null,
        null,
        1,
        1,
        1,
        1,
        1,
        1,
        1,
        1,
        1,
        null,
        null,
        1,
        2,
        2,
        null,
        2,
        1,
        null,
        1,
        1,
        null,
        null,
        1,
        null,
        null,
        null,
        null,
        null,
        null,
        null,
        null,
        null,
        1,
        1,
        null,
        1,
        2,
        2,
        null,
        1,
        1,
        null,
        null,
        1,
        null,
        null,
        null,
        null,
        null,
        null,
        null,
        null,
        null,
        1,
        1,
        null,
        1,
        2,
        2,
        null,
        1,
        1,
        null,
        null,
        null,
        null,
        null,
        null,
        null,
        null,
        null,
        null,
        null,
        null,
        null,
        null,
        null,
        null
      ],
      "/home/ces/Desktop/ror/BeerClub/app/controllers/api/v1/passports.rb": [
        1,
        1,
        1,
        1,
        1,
        1,
        null,
        1,
        1,
        6,
        6,
        null,
        null,
        null,
        1,
        1,
        null,
        null,
        null,
        null,
        null,
        null,
        null,
        null,
        1,
        1,
        null,
        1,
        2,
        4,
        1,
        null,
        null,
        1,
        7,
        6,
        6,
        null,
        null,
        1,
        null,
        null,
        null,
        null,
        null,
        null,
        null,
        null,
        1,
        1,
        null,
        1,
        2,
        null,
        null,
        1,
        null,
        null,
        null,
        null,
        null,
        null,
        null,
        null,
        1,
        1,
        1,
        1,
        null,
        1,
        2,
        2,
        1,
        null,
        null,
        1,
        null,
        null,
        null,
        null,
        null,
        null,
        null,
        null,
        1,
        1,
        1,
        1,
        null,
        1,
        2,
        2,
        2,
        2,
        null,
        1,
        1,
        null,
        null,
        null,
        null,
        null
      ],
      "/home/ces/Desktop/ror/BeerClub/app/controllers/api/v1/conversations.rb": [
        1,
        1,
        1,
        1,
        1,
        1,
        null,
        1,
        null,
        1,
        2,
        null,
        null,
        1,
        null,
        null,
        null,
        null,
        null,
        null,
        null,
        1,
        1,
        1,
        null,
        1,
        2,
        2,
        2,
        null,
        null,
        null,
        null,
        null
      ],
      "/home/ces/Desktop/ror/BeerClub/app/controllers/api/entities/conversations.rb": [
        1,
        1,
        1,
        1,
        1,
        1,
        1,
        null,
        null,
        null
      ],
      "/home/ces/Desktop/ror/BeerClub/app/controllers/api/entities/messages.rb": [
        1,
        1,
        1,
        1,
        1,
        1,
        1,
        1,
        null,
        null,
        null
      ],
      "/home/ces/Desktop/ror/BeerClub/app/controllers/api/v1/messages.rb": [
        1,
        1,
        1,
        1,
        1,
        1,
        null,
        1,
        1,
        null,
        1,
        null,
        null,
        null,
        1,
        null,
        1,
        1,
        null,
        null,
        1,
        null,
        null,
        null,
        null,
        null,
        null,
        1,
        1,
        1,
        1,
        1,
        1,
        null,
        null,
        1,
        1,
        1,
        null,
        1,
        null,
        null,
        null,
        null,
        null
      ],
      "/home/ces/Desktop/ror/BeerClub/app/controllers/api/v2/base.rb": [
        1,
        null,
        1,
        1,
        1,
        1,
        1,
        null,
        1,
        null,
        1,
        1,
        null,
        null,
        null,
        null,
        null,
        null,
        null,
        null,
        null,
        1,
        null,
        null,
        null,
        null,
        null,
        null,
        null,
        null,
        null,
        null,
        null,
        null,
        null,
        null
      ],
      "/home/ces/Desktop/ror/BeerClub/app/controllers/api/v2/registrations.rb": [
        1,
        1,
        1,
        1,
        1,
        1,
        null,
        1,
        null,
        1,
        null,
        1,
        1,
        1,
        1,
        1,
        null,
        null,
        1,
        1,
        1,
        1,
        1,
        1,
        1,
        1,
        null,
        null,
        1,
        2,
        2,
        1,
        1,
        null,
        null,
        2,
        2,
        null,
        2,
        2,
        2,
        2,
        null,
        null,
        null,
        null,
        null,
        null
      ],
      "/home/ces/Desktop/ror/BeerClub/app/controllers/api/v2/sessions.rb": [
        1,
        1,
        1,
        1,
        1,
        1,
        null,
        1,
        null,
        1,
        1,
        1,
        1,
        1,
        null,
        null,
        1,
        null,
        1,
        1,
        null,
        1,
        null,
        1,
        null,
        1,
        null,
        null,
        null,
        1,
        null,
        1,
        1,
        1,
        1,
        1,
        null,
        1,
        1,
        1,
        1,
        null,
        null,
        1,
        2,
        2,
        null,
        null,
        1,
        1,
        null,
        1,
        null,
        null,
        null,
        1,
        1,
        1,
        1,
        null,
        1,
        1,
        1,
        1,
        1,
        null,
        null,
        1,
        2,
        2,
        2,
        null,
        2,
        2,
        2,
        null,
        2,
        1,
        1,
        1,
        null,
        1,
        null,
        null,
        null,
        null,
        null,
        null
      ],
      "/home/ces/Desktop/ror/BeerClub/app/helpers/application_helper.rb": [
        1,
        null
      ],
      "/home/ces/Desktop/ror/BeerClub/spec/support/authenticate.rb": [
        1,
        1,
        34,
        34,
        null,
        34,
        null,
        34,
        null,
        34,
        34,
        null,
        null,
        1,
        33,
        null,
        33,
        null,
        null,
        1,
        1,
        null,
        1,
        null,
        null
      ],
      "/home/ces/Desktop/ror/BeerClub/spec/controllers/api/v1/categories_spec.rb": [
        1,
        1,
        null,
        1,
        null,
        10,
        11,
        13,
        11,
        null,
        1,
        3,
        null,
        1,
        1,
        1,
        1,
        1,
        null,
        null,
        1,
        1,
        null,
        4,
        1,
        1,
        null,
        null,
        null,
        null,
        1,
        1,
        3,
        null,
        1,
        1,
        1,
        null,
        1,
        null,
        null,
        1,
        1,
        1,
        null,
        1,
        1,
        1,
        null,
        null,
        null,
        null,
        1,
        1,
        1,
        null,
        1,
        1,
        1,
        null,
        null,
        1,
        1,
        1,
        1,
        1,
        null,
        null,
        null,
        1,
        1,
        1,
        1,
        1,
        null,
        null,
        1,
        1,
        null,
        1,
        1,
        1,
        1,
        null,
        null,
        null,
        null,
        1,
        1,
        1,
        1,
        null,
        1,
        1,
        1,
        null,
        null,
        null,
        1,
        1,
        1,
        1,
        1,
        1,
        null,
        null,
        null,
        null,
        1,
        3,
        null,
        1,
        1,
        2,
        null,
        null,
        1,
        1,
        1,
        1,
        null,
        null,
        1,
        1,
        null,
        1,
        1,
        1,
        null,
        null,
        null,
        null
      ],
      "/home/ces/Desktop/ror/BeerClub/spec/controllers/api/v1/conversations_spec.rb": [
        1,
        1,
        null,
        1,
        3,
        3,
        3,
        null,
        1,
        1,
        1,
        1,
        1,
        null,
        null,
        1,
        1,
        1,
        1,
        null,
        1,
        null,
        null,
        null,
        null
      ],
      "/home/ces/Desktop/ror/BeerClub/spec/controllers/api/v1/messages_spec.rb": [
        1,
        1,
        null,
        1,
        2,
        2,
        2,
        2,
        null,
        1,
        1,
        null,
        1,
        1,
        1,
        1,
        null,
        1,
        1,
        null,
        null,
        null,
        null
      ],
      "/home/ces/Desktop/ror/BeerClub/spec/controllers/api/v1/passports_spec.rb": [
        1,
        1,
        null,
        1,
        6,
        10,
        8,
        7,
        null,
        1,
        1,
        1,
        1,
        1,
        null,
        1,
        1,
        1,
        1,
        null,
        null,
        1,
        1,
        1,
        1,
        null,
        1,
        1,
        1,
        1,
        null,
        null,
        null,
        1,
        1,
        1,
        null,
        1,
        1,
        null,
        null,
        null,
        1,
        1,
        1,
        null,
        1,
        1,
        null,
        null,
        1,
        1,
        null,
        1,
        1,
        null,
        null,
        null,
        null,
        1,
        5,
        5,
        null,
        1,
        4,
        4,
        null,
        null,
        1,
        1,
        1,
        null,
        1,
        1,
        1,
        null,
        null,
        1,
        1,
        1,
        1,
        null,
        null,
        null,
        1,
        1,
        1,
        1,
        1,
        null,
        null,
        1,
        1,
        null,
        1,
        1,
        null,
        null,
        null,
        null
      ],
      "/home/ces/Desktop/ror/BeerClub/spec/controllers/api/v1/registrations_spec.rb": [
        1,
        null,
        1,
        null,
        1,
        3,
        3,
        2,
        null,
        1,
        1,
        1,
        1,
        null,
        4,
        1,
        1,
        1,
        null,
        null,
        1,
        1,
        1,
        null,
        4,
        1,
        1,
        null,
        null,
        null,
        null
      ],
      "/home/ces/Desktop/ror/BeerClub/spec/controllers/api/v1/sessions_spec.rb": [
        1,
        1,
        null,
        1,
        null,
        1,
        3,
        5,
        null,
        1,
        3,
        null,
        1,
        1,
        1,
        null,
        1,
        1,
        null,
        null,
        1,
        1,
        1,
        1,
        1,
        null,
        null,
        null,
        1,
        3,
        3,
        null,
        1,
        2,
        2,
        null,
        null,
        1,
        1,
        1,
        null,
        1,
        1,
        null,
        null,
        1,
        1,
        1,
        null,
        1,
        1,
        null,
        null,
        null,
        null
      ],
      "/home/ces/Desktop/ror/BeerClub/spec/controllers/api/v2/registrations_spec.rb": [
        1,
        null,
        1,
        null,
        1,
        3,
        3,
        2,
        null,
        1,
        1,
        1,
        1,
        null,
        4,
        1,
        1,
        1,
        null,
        null,
        1,
        1,
        1,
        null,
        4,
        1,
        1,
        1,
        null,
        null,
        null,
        null
      ],
      "/home/ces/Desktop/ror/BeerClub/spec/controllers/api/v2/sessions_spec.rb": [
        1,
        1,
        null,
        1,
        null,
        1,
        3,
        5,
        null,
        1,
        3,
        null,
        1,
        1,
        1,
        null,
        1,
        1,
        null,
        null,
        1,
        1,
        1,
        1,
        1,
        null,
        null,
        null,
        1,
        3,
        3,
        null,
        1,
        1,
        1,
        1,
        null,
        1,
        1,
        null,
        null,
        1,
        1,
        1,
        1,
        null,
        1,
        1,
        null,
        null,
        null,
        null
      ],
      "/home/ces/Desktop/ror/BeerClub/spec/jobs/message_broadcast_job_job_spec.rb": [
        1,
        null,
        1,
        1,
        1,
        1,
        1,
        1,
        null,
        null,
        null,
        null
      ],
      "/home/ces/Desktop/ror/BeerClub/app/jobs/message_broadcast_job.rb": [
        1,
        1,
        null,
        1,
        0,
        0,
        null,
        null,
        0,
        null,
        null,
        1,
        null,
        null,
        null,
        null,
        null,
        null,
        null,
        null,
        null,
        1,
        0,
        null,
        null,
        null,
        null,
        null,
        null
      ],
      "/home/ces/Desktop/ror/BeerClub/app/jobs/application_job.rb": [
        1,
        null
      ],
      "/home/ces/Desktop/ror/BeerClub/spec/models/category_spec.rb": [
        1,
        null,
        1,
        4,
        null,
        1,
        1,
        2,
        2,
        null,
        null,
        1,
        1,
        null,
        null,
        null,
        1,
        1,
        3,
        1,
        2,
        2,
        null,
        1,
        1,
        null,
        null,
        1,
        1,
        1,
        null,
        null,
        null,
        null,
        1,
        1,
        1,
        1,
        null,
        null,
        null
      ],
      "/home/ces/Desktop/ror/BeerClub/app/models/category.rb": [
        1,
        1,
        null,
        1,
        null,
        null,
        null,
        1,
        4,
        4,
        null,
        2,
        null,
        null
      ],
      "/home/ces/Desktop/ror/BeerClub/app/models/application_record.rb": [
        1,
        1,
        null
      ],
      "/home/ces/Desktop/ror/BeerClub/spec/models/conversation_spec.rb": [
        1,
        null,
        1,
        null,
        5,
        5,
        null,
        1,
        1,
        1,
        1,
        1,
        null,
        null,
        1,
        1,
        1,
        null,
        null,
        null,
        1,
        1,
        1,
        null,
        null,
        null,
        1,
        1,
        1,
        1,
        1,
        null,
        null,
        1,
        1,
        1,
        1,
        null,
        null,
        null,
        1,
        1,
        1,
        null,
        null,
        null,
        1,
        1,
        1,
        1,
        null,
        null,
        1,
        1,
        1,
        null,
        null,
        1,
        1,
        1,
        null,
        null,
        null
      ],
      "/home/ces/Desktop/ror/BeerClub/app/models/conversation.rb": [
        1,
        1,
        1,
        1,
        null,
        1,
        1,
        1,
        null,
        1,
        4,
        null,
        null,
        null,
        null,
        1,
        4,
        4,
        null,
        2,
        null,
        null,
        1,
        1,
        null,
        null,
        1,
        1,
        10,
        null,
        null
      ],
      "/home/ces/Desktop/ror/BeerClub/app/models/user.rb": [
        1,
        null,
        1,
        null,
        null,
        1,
        null,
        1,
        null,
        1,
        1,
        1,
        1,
        null,
        1,
        null,
        null,
        1,
        null,
        null,
        1,
        1,
        null,
        1,
        32,
        null,
        null,
        1,
        null,
        1,
        104,
        null,
        null,
        1,
        63,
        null,
        null
      ],
      "/home/ces/Desktop/ror/BeerClub/spec/models/user_spec.rb": [
        1,
        null,
        1,
        null,
        4,
        null,
        1,
        1,
        2,
        2,
        null,
        null,
        1,
        1,
        null,
        null,
        null,
        1,
        1,
        2,
        2,
        null,
        null,
        1,
        1,
        null,
        null,
        1,
        1,
        null,
        null,
        null,
        1,
        1,
        1,
        1,
        null,
        null,
        null
      ],
      "/home/ces/Desktop/ror/BeerClub/app/models/beer.rb": [
        1,
        1,
        1,
        1,
        null,
        1,
        1,
        1,
        null
      ],
      "/home/ces/Desktop/ror/BeerClub/app/models/role.rb": [
        1,
        1,
        null,
        1,
        null
      ],
      "/home/ces/Desktop/ror/BeerClub/app/models/passport.rb": [
        1,
        1,
        1,
        1,
        1,
        null,
        1,
        null
      ],
      "/home/ces/Desktop/ror/BeerClub/app/serializers/beer_serializer.rb": [
        1,
        1,
        1,
        null
      ],
      "/home/ces/Desktop/ror/BeerClub/app/serializers/category_serializer.rb": [
        1,
        1,
        1,
        null
      ],
      "/home/ces/Desktop/ror/BeerClub/app/serializers/conversation_serializer.rb": [
        1,
        1,
        1,
        1,
        1,
        null
      ],
      "/home/ces/Desktop/ror/BeerClub/app/serializers/message_serializer.rb": [
        1,
        1,
        null,
        null,
        1,
        1,
        null,
        null
      ],
      "/home/ces/Desktop/ror/BeerClub/app/serializers/user_serializer.rb": [
        1,
        1,
        null
      ],
      "/home/ces/Desktop/ror/BeerClub/app/models/message.rb": [
        1,
        1,
        1,
        2,
        null
      ],
      "/home/ces/Desktop/ror/BeerClub/app/serializers/passport_serializer.rb": [
        1,
        1,
        1,
        null
      ],
      "/home/ces/Desktop/ror/BeerClub/app/models/passport_beer.rb": [
        1,
        1,
        1,
        null,
        1,
        null
      ],
      "/home/ces/Desktop/ror/BeerClub/app/serializers/passport_beer_serializer.rb": [
        1,
        1,
        1,
        1,
        null
      ],
      "/home/ces/Desktop/ror/BeerClub/app/models/customer.rb": [
        1,
        null,
        1,
        null,
        null,
        1,
        null,
        1,
        null,
        1,
        null,
        1,
        null,
        1,
        1,
        null,
        null
      ],
      "/home/ces/Desktop/ror/BeerClub/app/serializers/customer_serializer.rb": [
        1,
        1,
        1,
        null
      ]
    },
    "timestamp": 1500257079
  }
}
